actionid: py35
msg: getenv
cmdargs: '/home/alan/Documents/repogit/perso/ical/.tox/py35/bin/python -m pip install pytest icalendar'

Collecting pytest
  Using cached https://files.pythonhosted.org/packages/0c/9a/592314ceda78f3307afb6cf56d7fdbb92c5a5960a88a6d2fd25c11312ead/pytest-3.8.1-py2.py3-none-any.whl
Collecting icalendar
  Using cached https://files.pythonhosted.org/packages/81/e7/5191baa59be5141bc871b437d3747d272b666e86906ee93af8462bc265f4/icalendar-4.0.2-py2.py3-none-any.whl
Collecting six>=1.10.0 (from pytest)
  Using cached https://files.pythonhosted.org/packages/67/4b/141a581104b1f6397bfa78ac9d43d8ad29a7ca43ea90a2d863fe3056e86a/six-1.11.0-py2.py3-none-any.whl
Collecting pathlib2>=2.2.0; python_version < "3.6" (from pytest)
  Using cached https://files.pythonhosted.org/packages/66/a7/9f8d84f31728d78beade9b1271ccbfb290c41c1e4dc13dbd4997ad594dcd/pathlib2-2.3.2-py2.py3-none-any.whl
Collecting attrs>=17.4.0 (from pytest)
  Using cached https://files.pythonhosted.org/packages/3a/e1/5f9023cc983f1a628a8c2fd051ad19e76ff7b142a0faf329336f9a62a514/attrs-18.2.0-py2.py3-none-any.whl
Collecting pluggy>=0.7 (from pytest)
  Using cached https://files.pythonhosted.org/packages/f5/f1/5a93c118663896d83f7bcbfb7f657ce1d0c0d617e6b4a443a53abcc658ca/pluggy-0.7.1-py2.py3-none-any.whl
Collecting atomicwrites>=1.0 (from pytest)
  Using cached https://files.pythonhosted.org/packages/3a/9a/9d878f8d885706e2530402de6417141129a943802c084238914fa6798d97/atomicwrites-1.2.1-py2.py3-none-any.whl
Collecting more-itertools>=4.0.0 (from pytest)
  Using cached https://files.pythonhosted.org/packages/79/b1/eace304ef66bd7d3d8b2f78cc374b73ca03bc53664d78151e9df3b3996cc/more_itertools-4.3.0-py3-none-any.whl
Collecting py>=1.5.0 (from pytest)
  Using cached https://files.pythonhosted.org/packages/c8/47/d179b80ab1dc1bfd46a0c87e391be47e6c7ef5831a9c138c5c49d1756288/py-1.6.0-py2.py3-none-any.whl
Requirement already satisfied: setuptools in ./.tox/py35/lib/python3.5/site-packages (from pytest) (40.4.3)
Collecting pytz (from icalendar)
  Using cached https://files.pythonhosted.org/packages/30/4e/27c34b62430286c6d59177a0842ed90dc789ce5d1ed740887653b898779a/pytz-2018.5-py2.py3-none-any.whl
Collecting python-dateutil (from icalendar)
  Using cached https://files.pythonhosted.org/packages/cf/f5/af2b09c957ace60dcfac112b669c45c8c97e32f94aa8b56da4c6d1682825/python_dateutil-2.7.3-py2.py3-none-any.whl
Installing collected packages: six, pathlib2, attrs, pluggy, atomicwrites, more-itertools, py, pytest, pytz, python-dateutil, icalendar
Successfully installed atomicwrites-1.2.1 attrs-18.2.0 icalendar-4.0.2 more-itertools-4.3.0 pathlib2-2.3.2 pluggy-0.7.1 py-1.6.0 pytest-3.8.1 python-dateutil-2.7.3 pytz-2018.5 six-1.11.0
