actionid: tox
msg: packaging
cmdargs: '/home/alan/.venv/ical/bin/python3 /home/alan/Documents/repogit/perso/ical/setup.py sdist --formats=zip --dist-dir /home/alan/Documents/repogit/perso/ical/.tox/dist'

running sdist
running egg_info
writing ical.egg-info/PKG-INFO
writing top-level names to ical.egg-info/top_level.txt
writing dependency_links to ical.egg-info/dependency_links.txt
reading manifest file 'ical.egg-info/SOURCES.txt'
writing manifest file 'ical.egg-info/SOURCES.txt'
running check
creating ical-0.1.0
creating ical-0.1.0/ical
creating ical-0.1.0/ical.egg-info
creating ical-0.1.0/tests
copying files to ical-0.1.0...
copying README.rst -> ical-0.1.0
copying setup.py -> ical-0.1.0
copying ical/__init__.py -> ical-0.1.0/ical
copying ical/utilities.py -> ical-0.1.0/ical
copying ical.egg-info/PKG-INFO -> ical-0.1.0/ical.egg-info
copying ical.egg-info/SOURCES.txt -> ical-0.1.0/ical.egg-info
copying ical.egg-info/dependency_links.txt -> ical-0.1.0/ical.egg-info
copying ical.egg-info/top_level.txt -> ical-0.1.0/ical.egg-info
copying tests/__init__.py -> ical-0.1.0/tests
copying tests/test_sample.py -> ical-0.1.0/tests
Writing ical-0.1.0/setup.cfg
creating '.tox/dist/ical-0.1.0.zip' and adding 'ical-0.1.0' to it
adding 'ical-0.1.0/PKG-INFO'
adding 'ical-0.1.0/setup.cfg'
adding 'ical-0.1.0/README.rst'
adding 'ical-0.1.0/setup.py'
adding 'ical-0.1.0/tests/__init__.py'
adding 'ical-0.1.0/tests/test_sample.py'
adding 'ical-0.1.0/ical.egg-info/SOURCES.txt'
adding 'ical-0.1.0/ical.egg-info/PKG-INFO'
adding 'ical-0.1.0/ical.egg-info/dependency_links.txt'
adding 'ical-0.1.0/ical.egg-info/top_level.txt'
adding 'ical-0.1.0/ical/__init__.py'
adding 'ical-0.1.0/ical/utilities.py'
removing 'ical-0.1.0' (and everything under it)
